<?xml version="1.0" encoding="UTF-8"?>
<!-- Generated by org.testng.reporters.JUnitReportReporter -->
<testsuite hostname="DESKTOP-MM8TSOM" failures="0" tests="1" name="Mobile.AppTest" time="30.463" errors="0" timestamp="16 May 2019 20:10:03 GMT" skipped="0">
  <testcase classname="Mobile.AppTest" name="test" time="30.463"/>
</testsuite> <!-- Mobile.AppTest -->
